<?xml version="1.0" encoding="UTF-8"?>
<!-- Generated by org.testng.reporters.JUnitReportReporter -->
<testsuite hostname="DESKTOP-P62HFLH" failures="0" tests="1" name="com.ShopperStack_testScripts.Verify_user_is_able_to_add_address_Test" time="20.985" errors="0" timestamp="2024-04-13T12:48:42 IST" skipped="0">
  <testcase classname="com.ShopperStack_testScripts.Verify_user_is_able_to_add_address_Test" name="addAddress" time="20.985"/>
  <system-out/>
</testsuite> <!-- com.ShopperStack_testScripts.Verify_user_is_able_to_add_address_Test -->
